<?xml version="1.0" encoding="UTF-8"?>
<!-- Generated by org.testng.reporters.JUnitXMLReporter -->
<testsuite ignored="4" hostname="DESKTOP-C7IQGVT" failures="0" tests="1" name="Internetexplorer_Test" time="1.666" errors="0" timestamp="2023-03-06T21:59:28 IST">
  <testcase classname="TestNG_MultiBrowserTesting_CT.CompatibiltyTesting" name="@BeforeMethod setup" time="1.285">
    <failure type="java.lang.IllegalStateException" message="The path to the driver executable The path to the driver executable must be set by the webdriver.ie.driver system property; for more information, see https://www.selenium.dev/documentation/ie_driver_server/. The latest version can be downloaded from https://www.selenium.dev/downloads/">
      <![CDATA[java.lang.IllegalStateException: The path to the driver executable The path to the driver executable must be set by the webdriver.ie.driver system property; for more information, see https://www.selenium.dev/documentation/ie_driver_server/. The latest version can be downloaded from https://www.selenium.dev/downloads/
at org.openqa.selenium.internal.Require$StateChecker.nonNull(Require.java:314)
at org.openqa.selenium.remote.service.DriverService.findExecutable(DriverService.java:148)
at org.openqa.selenium.ie.InternetExplorerDriverService.access$000(InternetExplorerDriverService.java:39)
at org.openqa.selenium.ie.InternetExplorerDriverService$Builder.findDefaultExecutable(InternetExplorerDriverService.java:171)
at org.openqa.selenium.remote.service.DriverService$Builder.build(DriverService.java:450)
at org.openqa.selenium.ie.InternetExplorerDriver.setupService(InternetExplorerDriver.java:243)
at org.openqa.selenium.ie.InternetExplorerDriver.<init>(InternetExplorerDriver.java:169)
at org.openqa.selenium.ie.InternetExplorerDriver.<init>(InternetExplorerDriver.java:144)
at TestNG_MultiBrowserTesting_CT.CompatibiltyTesting.setup(CompatibiltyTesting.java:36)
at java.base/java.util.ArrayList.forEach(ArrayList.java:1511)
at java.base/java.util.concurrent.FutureTask.run(FutureTask.java:264)
at java.base/java.util.concurrent.ThreadPoolExecutor.runWorker(ThreadPoolExecutor.java:1136)
at java.base/java.util.concurrent.ThreadPoolExecutor$Worker.run(ThreadPoolExecutor.java:635)
at java.base/java.lang.Thread.run(Thread.java:833)
... Removed 22 stack frames]]>
    </failure>
  </testcase> <!-- @BeforeMethod setup -->
  <testcase classname="TestNG_MultiBrowserTesting_CT.CompatibiltyTesting" name="@AfterMethod teardown" time="-1.6781201686E9">
    <skipped/>
  </testcase> <!-- @AfterMethod teardown -->
  <testcase classname="TestNG_MultiBrowserTesting_CT.CompatibiltyTesting" name="Deposit" time="0.0">
    <skipped/>
  </testcase> <!-- Deposit -->
  <testcase classname="TestNG_MultiBrowserTesting_CT.CompatibiltyTesting" name="NewAccount" time="0.0">
    <ignored/>
  </testcase> <!-- NewAccount -->
  <testcase classname="TestNG_MultiBrowserTesting_CT.CompatibiltyTesting" name="NewCustomer" time="0.0">
    <ignored/>
  </testcase> <!-- NewCustomer -->
  <testcase classname="TestNG_MultiBrowserTesting_CT.CompatibiltyTesting" name="CustomisedStatement" time="0.0">
    <ignored/>
  </testcase> <!-- CustomisedStatement -->
  <testcase classname="TestNG_MultiBrowserTesting_CT.CompatibiltyTesting" name="EditCustomer" time="0.0">
    <ignored/>
  </testcase> <!-- EditCustomer -->
</testsuite> <!-- Internetexplorer_Test -->
