<?xml version="1.0" encoding="UTF-8"?>
<!-- Generated by org.testng.reporters.JUnitXMLReporter -->
<testsuite ignored="7" hostname="DESKTOP-C7IQGVT" failures="1" tests="7" name="Test(failed)" time="354.231" errors="0" timestamp="2023-03-06T10:30:31 IST">
  <testcase classname="Failed_XML.assertNull" name="NewAccount" time="20.16"/>
  <testcase classname="Failed_XML.assertNotNull" name="NewAccount" time="19.019"/>
  <testcase classname="Failed_XML.assertEquals" name="NewAccount" time="20.939"/>
  <testcase classname="Failed_XML.assertTrue" name="NewAccount" time="23.683"/>
  <testcase classname="Failed_XML.assertFalse" name="NewAccount" time="38.619">
    <failure type="org.openqa.selenium.NoSuchElementException" message="no such element: Unable to locate element: {&amp;quot;method&amp;quot;:&amp;quot;xpath&amp;quot;,&amp;quot;selector&amp;quot;:&amp;quot;//input[@name=&amp;quot;button&amp;quot;]&amp;quot;}
  (Session info: chrome=110.0.5481.178)
For documentation on this error, please visit: https://selenium.dev/exceptions/#no_such_element
Build info: version: &amp;apos;4.6.0&amp;apos;, revision: &amp;apos;79f1c02ae20&amp;apos;
System info: os.name: &amp;apos;Windows 11&amp;apos;, os.arch: &amp;apos;amd64&amp;apos;, os.version: &amp;apos;10.0&amp;apos;, java.version: &amp;apos;17.0.2&amp;apos;
Driver info: org.openqa.selenium.chrome.ChromeDriver
Command: [1f73b0cd90590e4c185fc400c6a24131, findElement {using=xpath, value=//input[@name=&amp;quot;button&amp;quot;]}]
Capabilities {acceptInsecureCerts: false, browserName: chrome, browserVersion: 110.0.5481.178, chrome: {chromedriverVersion: 109.0.5414.74 (e7c5703604da..., userDataDir: C:\Users\TEJASH~1\AppData\L...}, goog:chromeOptions: {debuggerAddress: localhost:64489}, networkConnectionEnabled: false, pageLoadStrategy: normal, platformName: WINDOWS, proxy: Proxy(), se:cdp: ws://localhost:64489/devtoo..., se:cdpVersion: 110.0.5481.178, setWindowRect: true, strictFileInteractability: false, timeouts: {implicit: 0, pageLoad: 300000, script: 30000}, unhandledPromptBehavior: dismiss and notify, webauthn:extension:credBlob: true, webauthn:extension:largeBlob: true, webauthn:virtualAuthenticators: true}
Session ID: 1f73b0cd90590e4c185fc400c6a24131">
      <![CDATA[org.openqa.selenium.NoSuchElementException: no such element: Unable to locate element: {"method":"xpath","selector":"//input[@name="button"]"}
  (Session info: chrome=110.0.5481.178)
For documentation on this error, please visit: https://selenium.dev/exceptions/#no_such_element
Build info: version: '4.6.0', revision: '79f1c02ae20'
System info: os.name: 'Windows 11', os.arch: 'amd64', os.version: '10.0', java.version: '17.0.2'
Driver info: org.openqa.selenium.chrome.ChromeDriver
Command: [1f73b0cd90590e4c185fc400c6a24131, findElement {using=xpath, value=//input[@name="button"]}]
Capabilities {acceptInsecureCerts: false, browserName: chrome, browserVersion: 110.0.5481.178, chrome: {chromedriverVersion: 109.0.5414.74 (e7c5703604da..., userDataDir: C:\Users\TEJASH~1\AppData\L...}, goog:chromeOptions: {debuggerAddress: localhost:64489}, networkConnectionEnabled: false, pageLoadStrategy: normal, platformName: WINDOWS, proxy: Proxy(), se:cdp: ws://localhost:64489/devtoo..., se:cdpVersion: 110.0.5481.178, setWindowRect: true, strictFileInteractability: false, timeouts: {implicit: 0, pageLoad: 300000, script: 30000}, unhandledPromptBehavior: dismiss and notify, webauthn:extension:credBlob: true, webauthn:extension:largeBlob: true, webauthn:virtualAuthenticators: true}
Session ID: 1f73b0cd90590e4c185fc400c6a24131
at org.openqa.selenium.remote.codec.w3c.W3CHttpResponseCodec.createException(W3CHttpResponseCodec.java:200)
at org.openqa.selenium.remote.codec.w3c.W3CHttpResponseCodec.decode(W3CHttpResponseCodec.java:133)
at org.openqa.selenium.remote.codec.w3c.W3CHttpResponseCodec.decode(W3CHttpResponseCodec.java:53)
at org.openqa.selenium.remote.HttpCommandExecutor.execute(HttpCommandExecutor.java:184)
at org.openqa.selenium.remote.service.DriverCommandExecutor.invokeExecute(DriverCommandExecutor.java:167)
at org.openqa.selenium.remote.service.DriverCommandExecutor.execute(DriverCommandExecutor.java:142)
at org.openqa.selenium.remote.RemoteWebDriver.execute(RemoteWebDriver.java:541)
at org.openqa.selenium.remote.ElementLocation$ElementFinder$2.findElement(ElementLocation.java:162)
at org.openqa.selenium.remote.ElementLocation.findElement(ElementLocation.java:60)
at org.openqa.selenium.remote.RemoteWebDriver.findElement(RemoteWebDriver.java:365)
at org.openqa.selenium.remote.RemoteWebDriver.findElement(RemoteWebDriver.java:357)
at Failed_XML.assertFalse.NewAccount(assertFalse.java:55)
at java.base/java.util.ArrayList.forEach(ArrayList.java:1511)
... Removed 32 stack frames]]>
    </failure>
  </testcase> <!-- NewAccount -->
  <testcase classname="Failed_XML.fail" name="NewCustomer" time="26.738"/>
  <testcase classname="Failed_XML.assertNotEquals" name="NewAccount" time="26.561"/>
  <testcase classname="Failed_XML.assertTrue" name="NewCustomer" time="0.0">
    <ignored/>
  </testcase> <!-- NewCustomer -->
  <testcase classname="Failed_XML.fail" name="CustomisedStatement" time="0.0">
    <ignored/>
  </testcase> <!-- CustomisedStatement -->
  <testcase classname="Failed_XML.assertFalse" name="NewCustomer" time="0.0">
    <ignored/>
  </testcase> <!-- NewCustomer -->
  <testcase classname="Failed_XML.assertNotEquals" name="NewCustomer" time="0.0">
    <ignored/>
  </testcase> <!-- NewCustomer -->
  <testcase classname="Failed_XML.assertNull" name="NewCustomer" time="0.0">
    <ignored/>
  </testcase> <!-- NewCustomer -->
  <testcase classname="Failed_XML.assertNotNull" name="NewCustomer" time="0.0">
    <ignored/>
  </testcase> <!-- NewCustomer -->
  <testcase classname="Failed_XML.assertEquals" name="NewCustomer" time="0.0">
    <ignored/>
  </testcase> <!-- NewCustomer -->
</testsuite> <!-- Test(failed) -->
